<?xml version="1.0" encoding="UTF-8"?>
<testsuite xmlns:xsi="http://www.w3.org/2001/XMLSchema-instance" xsi:noNamespaceSchemaLocation="https://maven.apache.org/surefire/maven-surefire-plugin/xsd/surefire-test-report-3.0.xsd" version="3.0" name="com.example.client.HuntedPazzlClientTest" time="0.678" tests="1" errors="1" skipped="0" failures="0">
  <properties>
    <property name="java.specification.version" value="15"/>
    <property name="sun.cpu.isalist" value="amd64"/>
    <property name="sun.jnu.encoding" value="Cp1252"/>
    <property name="java.class.path" value="c:\Users\me\OneDrive - University of Prince Mugrin\Construction\Project_Phase_One\demo\target\test-classes;C:\Users\me\.m2\repository\org\openjfx\javafx-controls\13\javafx-controls-13.jar;C:\Users\me\.m2\repository\org\openjfx\javafx-graphics\13\javafx-graphics-13.jar;C:\Users\me\.m2\repository\org\openjfx\javafx-base\13\javafx-base-13.jar;C:\Users\me\.m2\repository\org\openjfx\javafx-fxml\13\javafx-fxml-13.jar;C:\Users\me\.m2\repository\org\testfx\testfx-core\4.0.15-alpha\testfx-core-4.0.15-alpha.jar;C:\Users\me\.m2\repository\org\hamcrest\hamcrest-core\1.3\hamcrest-core-1.3.jar;C:\Users\me\.m2\repository\org\assertj\assertj-core\3.11.1\assertj-core-3.11.1.jar;C:\Users\me\.m2\repository\org\testfx\testfx-junit\4.0.15-alpha\testfx-junit-4.0.15-alpha.jar;C:\Users\me\.m2\repository\commons-io\commons-io\2.11.0\commons-io-2.11.0.jar;C:\Users\me\.m2\repository\junit\junit\4.11\junit-4.11.jar;C:\Users\me\.m2\repository\io\netty\netty-all\4.1.91.Final\netty-all-4.1.91.Final.jar;C:\Users\me\.m2\repository\io\netty\netty-codec-dns\4.1.91.Final\netty-codec-dns-4.1.91.Final.jar;C:\Users\me\.m2\repository\io\netty\netty-codec-haproxy\4.1.91.Final\netty-codec-haproxy-4.1.91.Final.jar;C:\Users\me\.m2\repository\io\netty\netty-codec-memcache\4.1.91.Final\netty-codec-memcache-4.1.91.Final.jar;C:\Users\me\.m2\repository\io\netty\netty-codec-mqtt\4.1.91.Final\netty-codec-mqtt-4.1.91.Final.jar;C:\Users\me\.m2\repository\io\netty\netty-codec-redis\4.1.91.Final\netty-codec-redis-4.1.91.Final.jar;C:\Users\me\.m2\repository\io\netty\netty-codec-smtp\4.1.91.Final\netty-codec-smtp-4.1.91.Final.jar;C:\Users\me\.m2\repository\io\netty\netty-codec-socks\4.1.91.Final\netty-codec-socks-4.1.91.Final.jar;C:\Users\me\.m2\repository\io\netty\netty-codec-stomp\4.1.91.Final\netty-codec-stomp-4.1.91.Final.jar;C:\Users\me\.m2\repository\io\netty\netty-codec-xml\4.1.91.Final\netty-codec-xml-4.1.91.Final.jar;C:\Users\me\.m2\repository\io\netty\netty-transport-native-unix-common\4.1.91.Final\netty-transport-native-unix-common-4.1.91.Final.jar;C:\Users\me\.m2\repository\io\netty\netty-handler-proxy\4.1.91.Final\netty-handler-proxy-4.1.91.Final.jar;C:\Users\me\.m2\repository\io\netty\netty-handler-ssl-ocsp\4.1.91.Final\netty-handler-ssl-ocsp-4.1.91.Final.jar;C:\Users\me\.m2\repository\io\netty\netty-resolver\4.1.91.Final\netty-resolver-4.1.91.Final.jar;C:\Users\me\.m2\repository\io\netty\netty-resolver-dns\4.1.91.Final\netty-resolver-dns-4.1.91.Final.jar;C:\Users\me\.m2\repository\io\netty\netty-transport-rxtx\4.1.91.Final\netty-transport-rxtx-4.1.91.Final.jar;C:\Users\me\.m2\repository\io\netty\netty-transport-sctp\4.1.91.Final\netty-transport-sctp-4.1.91.Final.jar;C:\Users\me\.m2\repository\io\netty\netty-transport-udt\4.1.91.Final\netty-transport-udt-4.1.91.Final.jar;C:\Users\me\.m2\repository\io\netty\netty-transport-classes-epoll\4.1.91.Final\netty-transport-classes-epoll-4.1.91.Final.jar;C:\Users\me\.m2\repository\io\netty\netty-transport-classes-kqueue\4.1.91.Final\netty-transport-classes-kqueue-4.1.91.Final.jar;C:\Users\me\.m2\repository\io\netty\netty-resolver-dns-classes-macos\4.1.91.Final\netty-resolver-dns-classes-macos-4.1.91.Final.jar;C:\Users\me\.m2\repository\io\netty\netty-transport-native-epoll\4.1.91.Final\netty-transport-native-epoll-4.1.91.Final-linux-x86_64.jar;C:\Users\me\.m2\repository\io\netty\netty-transport-native-epoll\4.1.91.Final\netty-transport-native-epoll-4.1.91.Final-linux-aarch_64.jar;C:\Users\me\.m2\repository\io\netty\netty-transport-native-kqueue\4.1.91.Final\netty-transport-native-kqueue-4.1.91.Final-osx-x86_64.jar;C:\Users\me\.m2\repository\io\netty\netty-transport-native-kqueue\4.1.91.Final\netty-transport-native-kqueue-4.1.91.Final-osx-aarch_64.jar;C:\Users\me\.m2\repository\io\netty\netty-resolver-dns-native-macos\4.1.91.Final\netty-resolver-dns-native-macos-4.1.91.Final-osx-x86_64.jar;C:\Users\me\.m2\repository\io\netty\netty-resolver-dns-native-macos\4.1.91.Final\netty-resolver-dns-native-macos-4.1.91.Final-osx-aarch_64.jar;"/>
    <property name="java.vm.vendor" value="Oracle Corporation"/>
    <property name="sun.arch.data.model" value="64"/>
    <property name="user.variant" value=""/>
    <property name="java.vendor.url" value="https://java.oracle.com/"/>
    <property name="user.timezone" value="Asia/Riyadh"/>
    <property name="os.name" value="Windows 10"/>
    <property name="java.vm.specification.version" value="15"/>
    <property name="sun.java.launcher" value="SUN_STANDARD"/>
    <property name="user.country" value="GB"/>
    <property name="sun.boot.library.path" value="C:\Program Files\Java\jdk-15.0.2\bin"/>
    <property name="sun.java.command" value="org.apache.maven.surefire.booter.ForkedBooter C:\Users\me\AppData\Local\Temp\surefire15624369505140028713 2023-05-29T20-47-16_895-jvmRun1 surefire-20230529204717238_1tmp surefire_0-20230529204717238_2tmp"/>
    <property name="jdk.debug" value="release"/>
    <property name="surefire.test.class.path" value="c:\Users\me\OneDrive - University of Prince Mugrin\Construction\Project_Phase_One\demo\target\test-classes;C:\Users\me\.m2\repository\org\openjfx\javafx-controls\13\javafx-controls-13.jar;C:\Users\me\.m2\repository\org\openjfx\javafx-graphics\13\javafx-graphics-13.jar;C:\Users\me\.m2\repository\org\openjfx\javafx-base\13\javafx-base-13.jar;C:\Users\me\.m2\repository\org\openjfx\javafx-fxml\13\javafx-fxml-13.jar;C:\Users\me\.m2\repository\org\testfx\testfx-core\4.0.15-alpha\testfx-core-4.0.15-alpha.jar;C:\Users\me\.m2\repository\org\hamcrest\hamcrest-core\1.3\hamcrest-core-1.3.jar;C:\Users\me\.m2\repository\org\assertj\assertj-core\3.11.1\assertj-core-3.11.1.jar;C:\Users\me\.m2\repository\org\testfx\testfx-junit\4.0.15-alpha\testfx-junit-4.0.15-alpha.jar;C:\Users\me\.m2\repository\commons-io\commons-io\2.11.0\commons-io-2.11.0.jar;C:\Users\me\.m2\repository\junit\junit\4.11\junit-4.11.jar;C:\Users\me\.m2\repository\io\netty\netty-all\4.1.91.Final\netty-all-4.1.91.Final.jar;C:\Users\me\.m2\repository\io\netty\netty-codec-dns\4.1.91.Final\netty-codec-dns-4.1.91.Final.jar;C:\Users\me\.m2\repository\io\netty\netty-codec-haproxy\4.1.91.Final\netty-codec-haproxy-4.1.91.Final.jar;C:\Users\me\.m2\repository\io\netty\netty-codec-memcache\4.1.91.Final\netty-codec-memcache-4.1.91.Final.jar;C:\Users\me\.m2\repository\io\netty\netty-codec-mqtt\4.1.91.Final\netty-codec-mqtt-4.1.91.Final.jar;C:\Users\me\.m2\repository\io\netty\netty-codec-redis\4.1.91.Final\netty-codec-redis-4.1.91.Final.jar;C:\Users\me\.m2\repository\io\netty\netty-codec-smtp\4.1.91.Final\netty-codec-smtp-4.1.91.Final.jar;C:\Users\me\.m2\repository\io\netty\netty-codec-socks\4.1.91.Final\netty-codec-socks-4.1.91.Final.jar;C:\Users\me\.m2\repository\io\netty\netty-codec-stomp\4.1.91.Final\netty-codec-stomp-4.1.91.Final.jar;C:\Users\me\.m2\repository\io\netty\netty-codec-xml\4.1.91.Final\netty-codec-xml-4.1.91.Final.jar;C:\Users\me\.m2\repository\io\netty\netty-transport-native-unix-common\4.1.91.Final\netty-transport-native-unix-common-4.1.91.Final.jar;C:\Users\me\.m2\repository\io\netty\netty-handler-proxy\4.1.91.Final\netty-handler-proxy-4.1.91.Final.jar;C:\Users\me\.m2\repository\io\netty\netty-handler-ssl-ocsp\4.1.91.Final\netty-handler-ssl-ocsp-4.1.91.Final.jar;C:\Users\me\.m2\repository\io\netty\netty-resolver\4.1.91.Final\netty-resolver-4.1.91.Final.jar;C:\Users\me\.m2\repository\io\netty\netty-resolver-dns\4.1.91.Final\netty-resolver-dns-4.1.91.Final.jar;C:\Users\me\.m2\repository\io\netty\netty-transport-rxtx\4.1.91.Final\netty-transport-rxtx-4.1.91.Final.jar;C:\Users\me\.m2\repository\io\netty\netty-transport-sctp\4.1.91.Final\netty-transport-sctp-4.1.91.Final.jar;C:\Users\me\.m2\repository\io\netty\netty-transport-udt\4.1.91.Final\netty-transport-udt-4.1.91.Final.jar;C:\Users\me\.m2\repository\io\netty\netty-transport-classes-epoll\4.1.91.Final\netty-transport-classes-epoll-4.1.91.Final.jar;C:\Users\me\.m2\repository\io\netty\netty-transport-classes-kqueue\4.1.91.Final\netty-transport-classes-kqueue-4.1.91.Final.jar;C:\Users\me\.m2\repository\io\netty\netty-resolver-dns-classes-macos\4.1.91.Final\netty-resolver-dns-classes-macos-4.1.91.Final.jar;C:\Users\me\.m2\repository\io\netty\netty-transport-native-epoll\4.1.91.Final\netty-transport-native-epoll-4.1.91.Final-linux-x86_64.jar;C:\Users\me\.m2\repository\io\netty\netty-transport-native-epoll\4.1.91.Final\netty-transport-native-epoll-4.1.91.Final-linux-aarch_64.jar;C:\Users\me\.m2\repository\io\netty\netty-transport-native-kqueue\4.1.91.Final\netty-transport-native-kqueue-4.1.91.Final-osx-x86_64.jar;C:\Users\me\.m2\repository\io\netty\netty-transport-native-kqueue\4.1.91.Final\netty-transport-native-kqueue-4.1.91.Final-osx-aarch_64.jar;C:\Users\me\.m2\repository\io\netty\netty-resolver-dns-native-macos\4.1.91.Final\netty-resolver-dns-native-macos-4.1.91.Final-osx-x86_64.jar;C:\Users\me\.m2\repository\io\netty\netty-resolver-dns-native-macos\4.1.91.Final\netty-resolver-dns-native-macos-4.1.91.Final-osx-aarch_64.jar;"/>
    <property name="sun.cpu.endian" value="little"/>
    <property name="user.home" value="C:\Users\me"/>
    <property name="user.language" value="en"/>
    <property name="java.specification.vendor" value="Oracle Corporation"/>
    <property name="jdk.module.path" value="c:\Users\me\OneDrive - University of Prince Mugrin\Construction\Project_Phase_One\demo\target\classes;C:\Users\me\.m2\repository\org\openjfx\javafx-controls\13\javafx-controls-13-win.jar;C:\Users\me\.m2\repository\org\openjfx\javafx-graphics\13\javafx-graphics-13-win.jar;C:\Users\me\.m2\repository\org\openjfx\javafx-base\13\javafx-base-13-win.jar;C:\Users\me\.m2\repository\org\openjfx\javafx-fxml\13\javafx-fxml-13-win.jar;C:\Users\me\.m2\repository\io\netty\netty-buffer\4.1.91.Final\netty-buffer-4.1.91.Final.jar;C:\Users\me\.m2\repository\io\netty\netty-codec\4.1.91.Final\netty-codec-4.1.91.Final.jar;C:\Users\me\.m2\repository\io\netty\netty-codec-http\4.1.91.Final\netty-codec-http-4.1.91.Final.jar;C:\Users\me\.m2\repository\io\netty\netty-codec-http2\4.1.91.Final\netty-codec-http2-4.1.91.Final.jar;C:\Users\me\.m2\repository\io\netty\netty-common\4.1.91.Final\netty-common-4.1.91.Final.jar;C:\Users\me\.m2\repository\io\netty\netty-handler\4.1.91.Final\netty-handler-4.1.91.Final.jar;C:\Users\me\.m2\repository\io\netty\netty-transport\4.1.91.Final\netty-transport-4.1.91.Final.jar"/>
    <property name="java.version.date" value="2021-01-19"/>
    <property name="java.home" value="C:\Program Files\Java\jdk-15.0.2"/>
    <property name="file.separator" value="\"/>
    <property name="basedir" value="c:\Users\me\OneDrive - University of Prince Mugrin\Construction\Project_Phase_One\demo"/>
    <property name="java.vm.compressedOopsMode" value="Zero based"/>
    <property name="line.separator" value="&#10;"/>
    <property name="java.vm.specification.vendor" value="Oracle Corporation"/>
    <property name="java.specification.name" value="Java Platform API Specification"/>
    <property name="surefire.real.class.path" value="C:\Users\me\.m2\repository\org\apache\maven\surefire\surefire-booter\3.0.0\surefire-booter-3.0.0.jar;C:\Users\me\.m2\repository\org\apache\maven\surefire\surefire-api\3.0.0\surefire-api-3.0.0.jar;C:\Users\me\.m2\repository\org\apache\maven\surefire\surefire-extensions-spi\3.0.0\surefire-extensions-spi-3.0.0.jar;C:\Users\me\.m2\repository\org\apache\maven\surefire\surefire-logger-api\3.0.0\surefire-logger-api-3.0.0.jar;C:\Users\me\.m2\repository\org\apache\maven\surefire\surefire-shared-utils\3.0.0\surefire-shared-utils-3.0.0.jar;c:\Users\me\OneDrive - University of Prince Mugrin\Construction\Project_Phase_One\demo\target\test-classes;C:\Users\me\.m2\repository\org\openjfx\javafx-controls\13\javafx-controls-13.jar;C:\Users\me\.m2\repository\org\openjfx\javafx-graphics\13\javafx-graphics-13.jar;C:\Users\me\.m2\repository\org\openjfx\javafx-base\13\javafx-base-13.jar;C:\Users\me\.m2\repository\org\openjfx\javafx-fxml\13\javafx-fxml-13.jar;C:\Users\me\.m2\repository\org\testfx\testfx-core\4.0.15-alpha\testfx-core-4.0.15-alpha.jar;C:\Users\me\.m2\repository\org\hamcrest\hamcrest-core\1.3\hamcrest-core-1.3.jar;C:\Users\me\.m2\repository\org\assertj\assertj-core\3.11.1\assertj-core-3.11.1.jar;C:\Users\me\.m2\repository\org\testfx\testfx-junit\4.0.15-alpha\testfx-junit-4.0.15-alpha.jar;C:\Users\me\.m2\repository\commons-io\commons-io\2.11.0\commons-io-2.11.0.jar;C:\Users\me\.m2\repository\junit\junit\4.11\junit-4.11.jar;C:\Users\me\.m2\repository\io\netty\netty-all\4.1.91.Final\netty-all-4.1.91.Final.jar;C:\Users\me\.m2\repository\io\netty\netty-codec-dns\4.1.91.Final\netty-codec-dns-4.1.91.Final.jar;C:\Users\me\.m2\repository\io\netty\netty-codec-haproxy\4.1.91.Final\netty-codec-haproxy-4.1.91.Final.jar;C:\Users\me\.m2\repository\io\netty\netty-codec-memcache\4.1.91.Final\netty-codec-memcache-4.1.91.Final.jar;C:\Users\me\.m2\repository\io\netty\netty-codec-mqtt\4.1.91.Final\netty-codec-mqtt-4.1.91.Final.jar;C:\Users\me\.m2\repository\io\netty\netty-codec-redis\4.1.91.Final\netty-codec-redis-4.1.91.Final.jar;C:\Users\me\.m2\repository\io\netty\netty-codec-smtp\4.1.91.Final\netty-codec-smtp-4.1.91.Final.jar;C:\Users\me\.m2\repository\io\netty\netty-codec-socks\4.1.91.Final\netty-codec-socks-4.1.91.Final.jar;C:\Users\me\.m2\repository\io\netty\netty-codec-stomp\4.1.91.Final\netty-codec-stomp-4.1.91.Final.jar;C:\Users\me\.m2\repository\io\netty\netty-codec-xml\4.1.91.Final\netty-codec-xml-4.1.91.Final.jar;C:\Users\me\.m2\repository\io\netty\netty-transport-native-unix-common\4.1.91.Final\netty-transport-native-unix-common-4.1.91.Final.jar;C:\Users\me\.m2\repository\io\netty\netty-handler-proxy\4.1.91.Final\netty-handler-proxy-4.1.91.Final.jar;C:\Users\me\.m2\repository\io\netty\netty-handler-ssl-ocsp\4.1.91.Final\netty-handler-ssl-ocsp-4.1.91.Final.jar;C:\Users\me\.m2\repository\io\netty\netty-resolver\4.1.91.Final\netty-resolver-4.1.91.Final.jar;C:\Users\me\.m2\repository\io\netty\netty-resolver-dns\4.1.91.Final\netty-resolver-dns-4.1.91.Final.jar;C:\Users\me\.m2\repository\io\netty\netty-transport-rxtx\4.1.91.Final\netty-transport-rxtx-4.1.91.Final.jar;C:\Users\me\.m2\repository\io\netty\netty-transport-sctp\4.1.91.Final\netty-transport-sctp-4.1.91.Final.jar;C:\Users\me\.m2\repository\io\netty\netty-transport-udt\4.1.91.Final\netty-transport-udt-4.1.91.Final.jar;C:\Users\me\.m2\repository\io\netty\netty-transport-classes-epoll\4.1.91.Final\netty-transport-classes-epoll-4.1.91.Final.jar;C:\Users\me\.m2\repository\io\netty\netty-transport-classes-kqueue\4.1.91.Final\netty-transport-classes-kqueue-4.1.91.Final.jar;C:\Users\me\.m2\repository\io\netty\netty-resolver-dns-classes-macos\4.1.91.Final\netty-resolver-dns-classes-macos-4.1.91.Final.jar;C:\Users\me\.m2\repository\io\netty\netty-transport-native-epoll\4.1.91.Final\netty-transport-native-epoll-4.1.91.Final-linux-x86_64.jar;C:\Users\me\.m2\repository\io\netty\netty-transport-native-epoll\4.1.91.Final\netty-transport-native-epoll-4.1.91.Final-linux-aarch_64.jar;C:\Users\me\.m2\repository\io\netty\netty-transport-native-kqueue\4.1.91.Final\netty-transport-native-kqueue-4.1.91.Final-osx-x86_64.jar;C:\Users\me\.m2\repository\io\netty\netty-transport-native-kqueue\4.1.91.Final\netty-transport-native-kqueue-4.1.91.Final-osx-aarch_64.jar;C:\Users\me\.m2\repository\io\netty\netty-resolver-dns-native-macos\4.1.91.Final\netty-resolver-dns-native-macos-4.1.91.Final-osx-x86_64.jar;C:\Users\me\.m2\repository\io\netty\netty-resolver-dns-native-macos\4.1.91.Final\netty-resolver-dns-native-macos-4.1.91.Final-osx-aarch_64.jar;C:\Users\me\.m2\repository\org\apache\maven\surefire\surefire-junit4\3.0.0\surefire-junit4-3.0.0.jar;C:\Users\me\.m2\repository\org\apache\maven\surefire\common-java5\3.0.0\common-java5-3.0.0.jar;C:\Users\me\.m2\repository\org\apache\maven\surefire\common-junit3\3.0.0\common-junit3-3.0.0.jar;C:\Users\me\.m2\repository\org\apache\maven\surefire\common-junit4\3.0.0\common-junit4-3.0.0.jar"/>
    <property name="user.script" value=""/>
    <property name="sun.management.compiler" value="HotSpot 64-Bit Tiered Compilers"/>
    <property name="java.runtime.version" value="15.0.2+7-27"/>
    <property name="user.name" value="me"/>
    <property name="path.separator" value=";"/>
    <property name="os.version" value="10.0"/>
    <property name="java.runtime.name" value="Java(TM) SE Runtime Environment"/>
    <property name="file.encoding" value="Cp1252"/>
    <property name="java.vm.name" value="Java HotSpot(TM) 64-Bit Server VM"/>
    <property name="localRepository" value="C:\Users\me\.m2\repository"/>
    <property name="java.vendor.url.bug" value="https://bugreport.java.com/bugreport/"/>
    <property name="java.io.tmpdir" value="C:\Users\me\AppData\Local\Temp\"/>
    <property name="java.version" value="15.0.2"/>
    <property name="user.dir" value="c:\Users\me\OneDrive - University of Prince Mugrin\Construction\Project_Phase_One\demo"/>
    <property name="os.arch" value="amd64"/>
    <property name="java.vm.specification.name" value="Java Virtual Machine Specification"/>
    <property name="sun.os.patch.level" value=""/>
    <property name="java.library.path" value="C:\Program Files\Java\jdk-15.0.2\bin;C:\WINDOWS\Sun\Java\bin;C:\WINDOWS\system32;C:\WINDOWS;C:\Program Files\Git\mingw64\bin;C:\Program Files\Git\usr\bin;C:\Users\me\bin;C:\Program Files (x86)\VMware\VMware Workstation\bin;C:\Program Files\Common Files\Oracle\Java\javapath;C:\ProgramData\Oracle\Java\javapath;C:\Program Files (x86)\Intel\iCLS Client;C:\Program Files\Intel\iCLS Client;C:\WINDOWS\system32;C:\WINDOWS;C:\WINDOWS\System32\Wbem;C:\WINDOWS\System32\WindowsPowerShell\v1.0;C:\Program Files (x86)\Intel\Intel(R) Management Engine Components\DAL;C:\Program Files\Intel\Intel(R) Management Engine Components\DAL;C:\Program Files (x86)\Intel\Intel(R) Management Engine Components\IPT;C:\Program Files\Intel\Intel(R) Management Engine Components\IPT;C:\Program Files (x86)\NVIDIA Corporation\PhysX\Common;C:\Users\me\AppData\Local\Microsoft\WindowsApps;C:\Program Files (x86)\Microsoft VS Code\bin;C:\Users\me\AppData\Local\atom\bin;C:\Users\me\adb;C:\adb;C:\WINDOWS\System32\OpenSSH;C:\Program Files\NVIDIA Corporation\NVIDIA NvDLISR;C:\WINDOWS\system32;C:\WINDOWS;C:\WINDOWS\System32\Wbem;C:\WINDOWS\System32\WindowsPowerShell\v1.0;C:\WINDOWS\System32\OpenSSH;C:\Program Files (x86)\Common Files\Acronis\SnapAPI;C:\Program Files\Java\jdk-15.0.2\bin;C:\Program Files\Docker\Docker\resources\bin;C:\Program Files\dotnet;C:\Program Files\MySQL\MySQL Shell 8.0\bin;C:\Python27;C:\Python27\Scripts;C:\ProgramData\Oracle\Java\javapath;C:\Program Files (x86)\Intel\iCLS Client;C:\Program Files\Intel\iCLS Client;C:\WINDOWS\system32;C:\WINDOWS;C:\WINDOWS\System32\Wbem;C:\WINDOWS\System32\WindowsPowerShell\v1.0;C:\Program Files (x86)\Intel\Intel(R) Management Engine Components\DAL;C:\Program Files\Intel\Intel(R) Management Engine Components\DAL;C:\Program Files (x86)\Intel\Intel(R) Management Engine Components\IPT;C:\Program Files\Intel\Intel(R) Management Engine Components\IPT;C:\Program Files (x86)\NVIDIA Corporation\PhysX\Common;C:\Users\me\AppData\Local\Microsoft\WindowsApps;C:\Program Files (x86)\Microsoft VS Code\bin;C:\Users\me\AppData\Local\atom\bin;C:\Users\me\adb;C:\Users\me\AppData\Local\Microsoft\WindowsApps;C:\Users\me\AppData\Local\GitHubDesktop\bin;C:\Program Files\Java\jdk-15.0.2\bin;C:\Users\me\Anaconda3\Scripts;."/>
    <property name="java.vm.info" value="mixed mode"/>
    <property name="java.vendor" value="Oracle Corporation"/>
    <property name="java.vm.version" value="15.0.2+7-27"/>
    <property name="sun.io.unicode.encoding" value="UnicodeLittle"/>
    <property name="java.class.version" value="59.0"/>
  </properties>
  <testcase name="testButtonClick" classname="com.example.client.HuntedPazzlClientTest" time="0.589">
    <error message="java.lang.IllegalAccessError: class org.testfx.toolkit.impl.ToolkitServiceImpl (in unnamed module @0x5d654724) cannot access class com.sun.javafx.application.ParametersImpl (in module javafx.graphics) because module javafx.graphics does not export com.sun.javafx.application to unnamed module @0x5d654724" type="java.lang.RuntimeException"><![CDATA[java.lang.RuntimeException: java.lang.IllegalAccessError: class org.testfx.toolkit.impl.ToolkitServiceImpl (in unnamed module @0x5d654724) cannot access class com.sun.javafx.application.ParametersImpl (in module javafx.graphics) because module javafx.graphics does not export com.sun.javafx.application to unnamed module @0x5d654724
	at org.testfx.util.WaitForAsyncUtils.waitFor(WaitForAsyncUtils.java:302)
	at org.testfx.api.FxToolkit.waitForSetup(FxToolkit.java:245)
	at org.testfx.api.FxToolkit.setupApplication(FxToolkit.java:153)
	at org.testfx.framework.junit.ApplicationTest.internalBefore(ApplicationTest.java:86)
	at java.base/jdk.internal.reflect.NativeMethodAccessorImpl.invoke0(Native Method)
	at java.base/jdk.internal.reflect.NativeMethodAccessorImpl.invoke(NativeMethodAccessorImpl.java:64)
	at java.base/jdk.internal.reflect.DelegatingMethodAccessorImpl.invoke(DelegatingMethodAccessorImpl.java:43)
	at java.base/java.lang.reflect.Method.invoke(Method.java:564)
	at org.junit.runners.model.FrameworkMethod$1.runReflectiveCall(FrameworkMethod.java:47)
	at org.junit.internal.runners.model.ReflectiveCallable.run(ReflectiveCallable.java:12)
	at org.junit.runners.model.FrameworkMethod.invokeExplosively(FrameworkMethod.java:44)
	at org.junit.internal.runners.statements.RunBefores.evaluate(RunBefores.java:24)
	at org.junit.internal.runners.statements.RunAfters.evaluate(RunAfters.java:27)
	at org.junit.runners.ParentRunner.runLeaf(ParentRunner.java:271)
	at org.junit.runners.BlockJUnit4ClassRunner.runChild(BlockJUnit4ClassRunner.java:70)
	at org.junit.runners.BlockJUnit4ClassRunner.runChild(BlockJUnit4ClassRunner.java:50)
	at org.junit.runners.ParentRunner$3.run(ParentRunner.java:238)
	at org.junit.runners.ParentRunner$1.schedule(ParentRunner.java:63)
	at org.junit.runners.ParentRunner.runChildren(ParentRunner.java:236)
	at org.junit.runners.ParentRunner.access$000(ParentRunner.java:53)
	at org.junit.runners.ParentRunner$2.evaluate(ParentRunner.java:229)
	at org.junit.runners.ParentRunner.run(ParentRunner.java:309)
	at org.apache.maven.surefire.junit4.JUnit4Provider.execute(JUnit4Provider.java:316)
	at org.apache.maven.surefire.junit4.JUnit4Provider.executeWithRerun(JUnit4Provider.java:240)
	at org.apache.maven.surefire.junit4.JUnit4Provider.executeTestSet(JUnit4Provider.java:214)
	at org.apache.maven.surefire.junit4.JUnit4Provider.invoke(JUnit4Provider.java:155)
	at org.apache.maven.surefire.booter.ForkedBooter.runSuitesInProcess(ForkedBooter.java:385)
	at org.apache.maven.surefire.booter.ForkedBooter.execute(ForkedBooter.java:162)
	at org.apache.maven.surefire.booter.ForkedBooter.run(ForkedBooter.java:507)
	at org.apache.maven.surefire.booter.ForkedBooter.main(ForkedBooter.java:495)
Caused by: java.lang.IllegalAccessError: class org.testfx.toolkit.impl.ToolkitServiceImpl (in unnamed module @0x5d654724) cannot access class com.sun.javafx.application.ParametersImpl (in module javafx.graphics) because module javafx.graphics does not export com.sun.javafx.application to unnamed module @0x5d654724
	at org.testfx.toolkit.impl.ToolkitServiceImpl.registerApplicationParameters(ToolkitServiceImpl.java:142)
	at org.testfx.toolkit.impl.ToolkitServiceImpl.lambda$setupApplication$6(ToolkitServiceImpl.java:125)
	at java.base/java.util.concurrent.FutureTask.run(FutureTask.java:264)
	at java.base/java.util.concurrent.Executors$RunnableAdapter.call(Executors.java:515)
	at java.base/java.util.concurrent.FutureTask.run(FutureTask.java:264)
	at java.base/java.util.concurrent.ThreadPoolExecutor.runWorker(ThreadPoolExecutor.java:1130)
	at java.base/java.util.concurrent.ThreadPoolExecutor$Worker.run(ThreadPoolExecutor.java:630)
	at java.base/java.lang.Thread.run(Thread.java:832)
]]></error>
    <system-err><![CDATA[--- Exception in Async Thread ---
java.lang.IllegalAccessError: class org.testfx.toolkit.impl.ToolkitServiceImpl (in unnamed module @0x5d654724) cannot access class com.sun.javafx.application.ParametersImpl (in module javafx.graphics) because module javafx.graphics does not export com.sun.javafx.application to unnamed module @0x5d654724
	org.testfx.toolkit.impl.ToolkitServiceImpl.registerApplicationParameters(ToolkitServiceImpl.java:142)
	org.testfx.toolkit.impl.ToolkitServiceImpl.lambda$setupApplication$6(ToolkitServiceImpl.java:125)
	java.base/java.util.concurrent.FutureTask.run(FutureTask.java:264)
	java.base/java.util.concurrent.Executors$RunnableAdapter.call(Executors.java:515)
	java.base/java.util.concurrent.FutureTask.run(FutureTask.java:264)
	java.base/java.util.concurrent.ThreadPoolExecutor.runWorker(ThreadPoolExecutor.java:1130)
	java.base/java.util.concurrent.ThreadPoolExecutor$Worker.run(ThreadPoolExecutor.java:630)
	java.base/java.lang.Thread.run(Thread.java:832)
--- Trace of caller of unhandled exception in Async Thread ---
	java.base/java.lang.Thread.getStackTrace(Thread.java:1598)
	org.testfx.util.WaitForAsyncUtils$ASyncFXCallable.<init>(WaitForAsyncUtils.java:650)
	org.testfx.util.WaitForAsyncUtils.async(WaitForAsyncUtils.java:193)
	org.testfx.toolkit.impl.ToolkitServiceImpl.setupApplication(ToolkitServiceImpl.java:123)
	org.testfx.api.FxToolkit.setupApplication(FxToolkit.java:153)
	org.testfx.framework.junit.ApplicationTest.internalBefore(ApplicationTest.java:86)
	java.base/jdk.internal.reflect.NativeMethodAccessorImpl.invoke0(Native Method)
	java.base/jdk.internal.reflect.NativeMethodAccessorImpl.invoke(NativeMethodAccessorImpl.java:64)
	java.base/jdk.internal.reflect.DelegatingMethodAccessorImpl.invoke(DelegatingMethodAccessorImpl.java:43)
	java.base/java.lang.reflect.Method.invoke(Method.java:564)
	org.junit.runners.model.FrameworkMethod$1.runReflectiveCall(FrameworkMethod.java:47)
	org.junit.internal.runners.model.ReflectiveCallable.run(ReflectiveCallable.java:12)
	org.junit.runners.model.FrameworkMethod.invokeExplosively(FrameworkMethod.java:44)
	org.junit.internal.runners.statements.RunBefores.evaluate(RunBefores.java:24)
	org.junit.internal.runners.statements.RunAfters.evaluate(RunAfters.java:27)
	org.junit.runners.ParentRunner.runLeaf(ParentRunner.java:271)
	org.junit.runners.BlockJUnit4ClassRunner.runChild(BlockJUnit4ClassRunner.java:70)
	org.junit.runners.BlockJUnit4ClassRunner.runChild(BlockJUnit4ClassRunner.java:50)
	org.junit.runners.ParentRunner$3.run(ParentRunner.java:238)
	org.junit.runners.ParentRunner$1.schedule(ParentRunner.java:63)
	org.junit.runners.ParentRunner.runChildren(ParentRunner.java:236)
	org.junit.runners.ParentRunner.access$000(ParentRunner.java:53)
	org.junit.runners.ParentRunner$2.evaluate(ParentRunner.java:229)
	org.junit.runners.ParentRunner.run(ParentRunner.java:309)
	org.apache.maven.surefire.junit4.JUnit4Provider.execute(JUnit4Provider.java:316)
	org.apache.maven.surefire.junit4.JUnit4Provider.executeWithRerun(JUnit4Provider.java:240)
	org.apache.maven.surefire.junit4.JUnit4Provider.executeTestSet(JUnit4Provider.java:214)
	org.apache.maven.surefire.junit4.JUnit4Provider.invoke(JUnit4Provider.java:155)
	org.apache.maven.surefire.booter.ForkedBooter.runSuitesInProcess(ForkedBooter.java:385)
	org.apache.maven.surefire.booter.ForkedBooter.execute(ForkedBooter.java:162)
	org.apache.maven.surefire.booter.ForkedBooter.run(ForkedBooter.java:507)
	org.apache.maven.surefire.booter.ForkedBooter.main(ForkedBooter.java:495)

]]></system-err>
  </testcase>
</testsuite>